<?xml version="1.0" encoding="UTF-8"?>
<testng-results ignored="0" total="2" passed="2" failed="0" skipped="0">
  <reporter-output>
  </reporter-output>
  <suite started-at="2023-10-26T11:53:40 IST" name="Suite" finished-at="2023-10-26T11:54:29 IST" duration-ms="49101">
    <groups>
    </groups>
    <test started-at="2023-10-26T11:53:40 IST" name="Test" finished-at="2023-10-26T11:54:29 IST" duration-ms="49101">
      <class name="TestCases.TC_LoginDDT_002">
        <test-method is-config="true" signature="openapplication()[pri:0, instance:TestCases.TC_LoginDDT_002@239a307b]" started-at="2023-10-26T11:53:40 IST" name="openapplication" finished-at="2023-10-26T11:53:47 IST" duration-ms="6411" status="PASS">
          <reporter-output>
          </reporter-output>
        </test-method> <!-- openapplication -->
        <test-method signature="logindt(java.lang.String,java.lang.String)[pri:0, instance:TestCases.TC_LoginDDT_002@239a307b]" started-at="2023-10-26T11:53:48 IST" name="logindt" data-provider="Logindata" finished-at="2023-10-26T11:54:10 IST" duration-ms="21332" status="PASS">
          <params>
            <param index="0">
              <value>
                <![CDATA[vinaymangali435@gmail.com]]>
              </value>
            </param>
            <param index="1">
              <value>
                <![CDATA[Vinay@1432]]>
              </value>
            </param>
          </params>
          <reporter-output>
          </reporter-output>
        </test-method> <!-- logindt -->
        <test-method signature="logindt(java.lang.String,java.lang.String)[pri:0, instance:TestCases.TC_LoginDDT_002@239a307b]" started-at="2023-10-26T11:54:10 IST" name="logindt" data-provider="Logindata" finished-at="2023-10-26T11:54:29 IST" duration-ms="19182" status="PASS">
          <params>
            <param index="0">
              <value>
                <![CDATA[prathyusha4u93@gmail.com]]>
              </value>
            </param>
            <param index="1">
              <value>
                <![CDATA[Prathyusha@18]]>
              </value>
            </param>
          </params>
          <reporter-output>
          </reporter-output>
        </test-method> <!-- logindt -->
        <test-method is-config="true" signature="Closepage()[pri:0, instance:TestCases.TC_LoginDDT_002@239a307b]" started-at="2023-10-26T11:54:29 IST" name="Closepage" finished-at="2023-10-26T11:54:29 IST" duration-ms="206" status="PASS">
          <reporter-output>
          </reporter-output>
        </test-method> <!-- Closepage -->
      </class> <!-- TestCases.TC_LoginDDT_002 -->
    </test> <!-- Test -->
  </suite> <!-- Suite -->
</testng-results>
